<?xml version="1.0" encoding="UTF-8"?>
<!-- Generated by org.testng.reporters.JUnitXMLReporter -->
<testsuite hostname="MacBook-Air" ignored="0" name="Default test" tests="4" failures="0" timestamp="2020-07-16T20:59:57 EDT" time="52.647" errors="0">
  <testcase name="Test_Scenario_SM1" time="1.785" classname="DDTesting.Login_Test_SM01"/>
  <testcase name="Test_Scenario_SM1" time="4.314" classname="DDTesting.Login_Test_SM01"/>
  <testcase name="Test_Scenario_SM1" time="0.695" classname="DDTesting.Login_Test_SM01"/>
  <testcase name="Test_Scenario_SM1" time="1.161" classname="DDTesting.Login_Test_SM01"/>
</testsuite> <!-- Default test -->
