<?xml version="1.0" encoding="UTF-8"?>
<testng-results skipped="0" failed="0" ignored="0" total="4" passed="4">
  <reporter-output>
  </reporter-output>
  <suite name="Default suite" duration-ms="52647" started-at="2020-07-16T20:59:04 EDT" finished-at="2020-07-16T20:59:57 EDT">
    <groups>
    </groups>
    <test name="Default test" duration-ms="52647" started-at="2020-07-16T20:59:04 EDT" finished-at="2020-07-16T20:59:57 EDT">
      <class name="DDTesting.Login_Test_SM01">
        <test-method status="PASS" signature="setUp()[pri:0, instance:DDTesting.Login_Test_SM01@7a187f14]" name="setUp" is-config="true" duration-ms="8647" started-at="2020-07-16T20:59:05 EDT" finished-at="2020-07-16T20:59:13 EDT">
          <reporter-output>
          </reporter-output>
        </test-method> <!-- setUp -->
        <test-method status="PASS" signature="Test_Scenario_SM1(java.lang.String, java.lang.String)[pri:0, instance:DDTesting.Login_Test_SM01@7a187f14]" name="Test_Scenario_SM1" duration-ms="1785" started-at="2020-07-16T20:59:13 EDT" data-provider="myTests" finished-at="2020-07-16T20:59:15 EDT">
          <params>
            <param index="0">
              <value>
                <![CDATA[mngr271904]]>
              </value>
            </param>
            <param index="1">
              <value>
                <![CDATA[zyheqap]]>
              </value>
            </param>
          </params>
          <reporter-output>
          </reporter-output>
        </test-method> <!-- Test_Scenario_SM1 -->
        <test-method status="PASS" signature="wrappingUp()[pri:0, instance:DDTesting.Login_Test_SM01@7a187f14]" name="wrappingUp" is-config="true" duration-ms="7700" started-at="2020-07-16T20:59:15 EDT" finished-at="2020-07-16T20:59:23 EDT">
          <reporter-output>
          </reporter-output>
        </test-method> <!-- wrappingUp -->
        <test-method status="PASS" signature="setUp()[pri:0, instance:DDTesting.Login_Test_SM01@7a187f14]" name="setUp" is-config="true" duration-ms="6450" started-at="2020-07-16T20:59:23 EDT" finished-at="2020-07-16T20:59:29 EDT">
          <reporter-output>
          </reporter-output>
        </test-method> <!-- setUp -->
        <test-method status="PASS" signature="Test_Scenario_SM1(java.lang.String, java.lang.String)[pri:0, instance:DDTesting.Login_Test_SM01@7a187f14]" name="Test_Scenario_SM1" duration-ms="4314" started-at="2020-07-16T20:59:29 EDT" data-provider="myTests" finished-at="2020-07-16T20:59:33 EDT">
          <params>
            <param index="0">
              <value>
                <![CDATA[invUserID]]>
              </value>
            </param>
            <param index="1">
              <value>
                <![CDATA[zyheqap]]>
              </value>
            </param>
          </params>
          <reporter-output>
          </reporter-output>
        </test-method> <!-- Test_Scenario_SM1 -->
        <test-method status="PASS" signature="wrappingUp()[pri:0, instance:DDTesting.Login_Test_SM01@7a187f14]" name="wrappingUp" is-config="true" duration-ms="4634" started-at="2020-07-16T20:59:33 EDT" finished-at="2020-07-16T20:59:38 EDT">
          <reporter-output>
          </reporter-output>
        </test-method> <!-- wrappingUp -->
        <test-method status="PASS" signature="setUp()[pri:0, instance:DDTesting.Login_Test_SM01@7a187f14]" name="setUp" is-config="true" duration-ms="6146" started-at="2020-07-16T20:59:38 EDT" finished-at="2020-07-16T20:59:44 EDT">
          <reporter-output>
          </reporter-output>
        </test-method> <!-- setUp -->
        <test-method status="PASS" signature="Test_Scenario_SM1(java.lang.String, java.lang.String)[pri:0, instance:DDTesting.Login_Test_SM01@7a187f14]" name="Test_Scenario_SM1" duration-ms="695" started-at="2020-07-16T20:59:44 EDT" data-provider="myTests" finished-at="2020-07-16T20:59:45 EDT">
          <params>
            <param index="0">
              <value>
                <![CDATA[mngr271904]]>
              </value>
            </param>
            <param index="1">
              <value>
                <![CDATA[invPass]]>
              </value>
            </param>
          </params>
          <reporter-output>
          </reporter-output>
        </test-method> <!-- Test_Scenario_SM1 -->
        <test-method status="PASS" signature="wrappingUp()[pri:0, instance:DDTesting.Login_Test_SM01@7a187f14]" name="wrappingUp" is-config="true" duration-ms="3575" started-at="2020-07-16T20:59:45 EDT" finished-at="2020-07-16T20:59:48 EDT">
          <reporter-output>
          </reporter-output>
        </test-method> <!-- wrappingUp -->
        <test-method status="PASS" signature="setUp()[pri:0, instance:DDTesting.Login_Test_SM01@7a187f14]" name="setUp" is-config="true" duration-ms="4905" started-at="2020-07-16T20:59:48 EDT" finished-at="2020-07-16T20:59:53 EDT">
          <reporter-output>
          </reporter-output>
        </test-method> <!-- setUp -->
        <test-method status="PASS" signature="Test_Scenario_SM1(java.lang.String, java.lang.String)[pri:0, instance:DDTesting.Login_Test_SM01@7a187f14]" name="Test_Scenario_SM1" duration-ms="1161" started-at="2020-07-16T20:59:53 EDT" data-provider="myTests" finished-at="2020-07-16T20:59:55 EDT">
          <params>
            <param index="0">
              <value>
                <![CDATA[invUserID]]>
              </value>
            </param>
            <param index="1">
              <value>
                <![CDATA[invPass]]>
              </value>
            </param>
          </params>
          <reporter-output>
          </reporter-output>
        </test-method> <!-- Test_Scenario_SM1 -->
        <test-method status="PASS" signature="wrappingUp()[pri:0, instance:DDTesting.Login_Test_SM01@7a187f14]" name="wrappingUp" is-config="true" duration-ms="2546" started-at="2020-07-16T20:59:55 EDT" finished-at="2020-07-16T20:59:57 EDT">
          <reporter-output>
          </reporter-output>
        </test-method> <!-- wrappingUp -->
      </class> <!-- DDTesting.Login_Test_SM01 -->
    </test> <!-- Default test -->
  </suite> <!-- Default suite -->
</testng-results>
